2023-06-23 23:39:17,202 INFO o.a.j.u.JMeterUtils: Setting Locale to en_EN
2023-06-23 23:39:17,209 INFO o.a.j.JMeter: Loading user properties from: C:\apache-jmeter-5.5\bin\user.properties
2023-06-23 23:39:17,209 INFO o.a.j.JMeter: Loading system properties from: C:\apache-jmeter-5.5\bin\system.properties
2023-06-23 23:39:17,215 INFO o.a.j.JMeter: Copyright (c) 1998-2022 The Apache Software Foundation
2023-06-23 23:39:17,215 INFO o.a.j.JMeter: Version 5.5
2023-06-23 23:39:17,215 INFO o.a.j.JMeter: java.version=1.8.0_202
2023-06-23 23:39:17,215 INFO o.a.j.JMeter: java.vm.name=Java HotSpot(TM) 64-Bit Server VM
2023-06-23 23:39:17,215 INFO o.a.j.JMeter: os.name=Windows 10
2023-06-23 23:39:17,215 INFO o.a.j.JMeter: os.arch=amd64
2023-06-23 23:39:17,225 INFO o.a.j.JMeter: os.version=10.0
2023-06-23 23:39:17,225 INFO o.a.j.JMeter: file.encoding=Cp1252
2023-06-23 23:39:17,225 INFO o.a.j.JMeter: java.awt.headless=null
2023-06-23 23:39:17,225 INFO o.a.j.JMeter: Max memory     =1073741824
2023-06-23 23:39:17,225 INFO o.a.j.JMeter: Available Processors =8
2023-06-23 23:39:17,228 INFO o.a.j.JMeter: Default Locale=English (EN)
2023-06-23 23:39:17,228 INFO o.a.j.JMeter: JMeter  Locale=English (EN)
2023-06-23 23:39:17,228 INFO o.a.j.JMeter: JMeterHome=C:\apache-jmeter-5.5
2023-06-23 23:39:17,228 INFO o.a.j.JMeter: user.dir  =C:\Users\Cokke\eclipse-workspace\CrudPersonas
2023-06-23 23:39:17,229 INFO o.a.j.JMeter: PWD       =C:\Users\Cokke\eclipse-workspace\CrudPersonas
2023-06-23 23:39:17,230 INFO o.a.j.JMeter: IP: 192.168.1.88 Name: LAPTOP-OP73EIC1 FullName: host.docker.internal
2023-06-23 23:39:17,240 INFO o.a.j.JMeter: Loaded icon properties from org/apache/jmeter/images/icon.properties
2023-06-23 23:39:17,335 INFO o.a.j.JMeterGuiLauncher: Setting LAF to: com.github.weisj.darklaf.DarkLaf:com.github.weisj.darklaf.theme.DarculaTheme
